Determining if the pthread_create exist failed with the following output:
Change Dir: /home/sunny/workspace_private/C3P/CPP-Concourrency-in-Action/build/CMakeFiles/CMakeTmp

Run Build Command:"/usr/bin/make" "cmTC_59dff/fast"
/usr/bin/make -f CMakeFiles/cmTC_59dff.dir/build.make CMakeFiles/cmTC_59dff.dir/build
make[1]: Entering directory '/home/sunny/workspace_private/C3P/CPP-Concourrency-in-Action/build/CMakeFiles/CMakeTmp'
Building C object CMakeFiles/cmTC_59dff.dir/CheckSymbolExists.c.o
/usr/bin/cc    -o CMakeFiles/cmTC_59dff.dir/CheckSymbolExists.c.o   -c /home/sunny/workspace_private/C3P/CPP-Concourrency-in-Action/build/CMakeFiles/CMakeTmp/CheckSymbolExists.c
Linking C executable cmTC_59dff
/usr/bin/cmake -E cmake_link_script CMakeFiles/cmTC_59dff.dir/link.txt --verbose=1
/usr/bin/cc      CMakeFiles/cmTC_59dff.dir/CheckSymbolExists.c.o  -o cmTC_59dff 
CMakeFiles/cmTC_59dff.dir/CheckSymbolExists.c.o: In function `main':
CheckSymbolExists.c:(.text+0x1b): undefined reference to `pthread_create'
collect2: error: ld returned 1 exit status
CMakeFiles/cmTC_59dff.dir/build.make:97: recipe for target 'cmTC_59dff' failed
make[1]: *** [cmTC_59dff] Error 1
make[1]: Leaving directory '/home/sunny/workspace_private/C3P/CPP-Concourrency-in-Action/build/CMakeFiles/CMakeTmp'
Makefile:126: recipe for target 'cmTC_59dff/fast' failed
make: *** [cmTC_59dff/fast] Error 2

File /home/sunny/workspace_private/C3P/CPP-Concourrency-in-Action/build/CMakeFiles/CMakeTmp/CheckSymbolExists.c:
/* */
#include <pthread.h>

int main(int argc, char** argv)
{
  (void)argv;
#ifndef pthread_create
  return ((int*)(&pthread_create))[argc];
#else
  (void)argc;
  return 0;
#endif
}

Determining if the function pthread_create exists in the pthreads failed with the following output:
Change Dir: /home/sunny/workspace_private/C3P/CPP-Concourrency-in-Action/build/CMakeFiles/CMakeTmp

Run Build Command:"/usr/bin/make" "cmTC_b821d/fast"
/usr/bin/make -f CMakeFiles/cmTC_b821d.dir/build.make CMakeFiles/cmTC_b821d.dir/build
make[1]: Entering directory '/home/sunny/workspace_private/C3P/CPP-Concourrency-in-Action/build/CMakeFiles/CMakeTmp'
Building C object CMakeFiles/cmTC_b821d.dir/CheckFunctionExists.c.o
/usr/bin/cc   -DCHECK_FUNCTION_EXISTS=pthread_create   -o CMakeFiles/cmTC_b821d.dir/CheckFunctionExists.c.o   -c /usr/share/cmake-3.10/Modules/CheckFunctionExists.c
Linking C executable cmTC_b821d
/usr/bin/cmake -E cmake_link_script CMakeFiles/cmTC_b821d.dir/link.txt --verbose=1
/usr/bin/cc  -DCHECK_FUNCTION_EXISTS=pthread_create    CMakeFiles/cmTC_b821d.dir/CheckFunctionExists.c.o  -o cmTC_b821d -lpthreads 
/usr/bin/ld: cannot find -lpthreads
collect2: error: ld returned 1 exit status
CMakeFiles/cmTC_b821d.dir/build.make:97: recipe for target 'cmTC_b821d' failed
make[1]: *** [cmTC_b821d] Error 1
make[1]: Leaving directory '/home/sunny/workspace_private/C3P/CPP-Concourrency-in-Action/build/CMakeFiles/CMakeTmp'
Makefile:126: recipe for target 'cmTC_b821d/fast' failed
make: *** [cmTC_b821d/fast] Error 2


